[1019/154446.601:ERROR:process_reader_win.cc(188)] ResumeThread: Параметр задан неверно. (0x57)
[1019/154446.603:ERROR:process_reader_win.cc(151)] SuspendThread: Отказано в доступе. (0x5)
[1019/154446.603:ERROR:process_reader_win.cc(151)] SuspendThread: Отказано в доступе. (0x5)
[1019/154446.603:ERROR:process_reader_win.cc(151)] SuspendThread: Отказано в доступе. (0x5)
[1019/154446.659:ERROR:process_memory_win.cc(73)] ReadMemory at 0x21a2750edc0 of 72 bytes failed: Запрос ReadProcessMemory или WriteProcessMemory был выполнен только частично. (0x12B)
[1019/154446.660:WARNING:pe_image_annotations_reader.cc(135)] could not read annotations list object in C:\Program Files (x86)\Google\Chrome\Application\86.0.4240.75\chrome_elf.dll
[1019/154446.660:ERROR:process_memory_win.cc(73)] ReadMemory at 0x21a275463f0 of 72 bytes failed: Запрос ReadProcessMemory или WriteProcessMemory был выполнен только частично. (0x12B)
[1019/154446.660:WARNING:pe_image_annotations_reader.cc(135)] could not read annotations list object in C:\Program Files (x86)\Google\Chrome\Application\86.0.4240.75\chrome.dll
[1019/154446.674:ERROR:process_memory_win.cc(73)] ReadMemory at 0x8b037f5000 of 45056 bytes failed: Запрос ReadProcessMemory или WriteProcessMemory был выполнен только частично. (0x12B)
[1019/154446.674:ERROR:process_memory_win.cc(73)] ReadMemory at 0x8b03ffe000 of 8192 bytes failed: Запрос ReadProcessMemory или WriteProcessMemory был выполнен только частично. (0x12B)
[1019/154446.674:ERROR:process_memory_win.cc(73)] ReadMemory at 0x8b047fb000 of 20480 bytes failed: Запрос ReadProcessMemory или WriteProcessMemory был выполнен только частично. (0x12B)
[1019/154446.675:ERROR:process_memory_win.cc(73)] ReadMemory at 0x8b04ffe000 of 8192 bytes failed: Запрос ReadProcessMemory или WriteProcessMemory был выполнен только частично. (0x12B)
[1019/154446.675:ERROR:process_memory_win.cc(73)] ReadMemory at 0x8b057fd000 of 12288 bytes failed: Запрос ReadProcessMemory или WriteProcessMemory был выполнен только частично. (0x12B)
[1019/154446.675:ERROR:process_memory_win.cc(73)] ReadMemory at 0x8b05ffe000 of 8192 bytes failed: Запрос ReadProcessMemory или WriteProcessMemory был выполнен только частично. (0x12B)
[1019/154446.675:ERROR:process_memory_win.cc(73)] ReadMemory at 0x8b067fe000 of 8192 bytes failed: Запрос ReadProcessMemory или WriteProcessMemory был выполнен только частично. (0x12B)
[1019/154446.675:ERROR:process_memory_win.cc(73)] ReadMemory at 0x8b06ffe000 of 8192 bytes failed: Запрос ReadProcessMemory или WriteProcessMemory был выполнен только частично. (0x12B)
[1019/154446.675:ERROR:process_memory_win.cc(73)] ReadMemory at 0x8b077fe000 of 8192 bytes failed: Запрос ReadProcessMemory или WriteProcessMemory был выполнен только частично. (0x12B)
[1019/154446.675:ERROR:process_memory_win.cc(73)] ReadMemory at 0x8b07ffe000 of 8192 bytes failed: Запрос ReadProcessMemory или WriteProcessMemory был выполнен только частично. (0x12B)
[1019/154446.676:ERROR:process_memory_win.cc(73)] ReadMemory at 0x8b087fe000 of 8192 bytes failed: Запрос ReadProcessMemory или WriteProcessMemory был выполнен только частично. (0x12B)
[1019/154446.676:ERROR:process_memory_win.cc(73)] ReadMemory at 0x8b02f69000 of 852 bytes failed: Запрос ReadProcessMemory или WriteProcessMemory был выполнен только частично. (0x12B)
[1019/154446.676:ERROR:process_memory_win.cc(73)] ReadMemory at 0x8b02f6a000 of 6024 bytes failed: Запрос ReadProcessMemory или WriteProcessMemory был выполнен только частично. (0x12B)
[1019/154446.676:ERROR:process_memory_win.cc(73)] ReadMemory at 0x8b02f6c000 of 6024 bytes failed: Запрос ReadProcessMemory или WriteProcessMemory был выполнен только частично. (0x12B)
[1019/154446.676:ERROR:process_memory_win.cc(73)] ReadMemory at 0x8b02f6e000 of 6024 bytes failed: Запрос ReadProcessMemory или WriteProcessMemory был выполнен только частично. (0x12B)
[1019/154446.676:ERROR:process_memory_win.cc(73)] ReadMemory at 0x8b02f70000 of 6024 bytes failed: Запрос ReadProcessMemory или WriteProcessMemory был выполнен только частично. (0x12B)
[1019/154446.676:ERROR:process_memory_win.cc(73)] ReadMemory at 0x8b02f72000 of 6024 bytes failed: Запрос ReadProcessMemory или WriteProcessMemory был выполнен только частично. (0x12B)
[1019/154446.677:ERROR:process_memory_win.cc(73)] ReadMemory at 0x8b02f74000 of 6024 bytes failed: Запрос ReadProcessMemory или WriteProcessMemory был выполнен только частично. (0x12B)
[1019/154446.677:ERROR:process_memory_win.cc(73)] ReadMemory at 0x8b02f76000 of 6024 bytes failed: Запрос ReadProcessMemory или WriteProcessMemory был выполнен только частично. (0x12B)
[1019/154446.677:ERROR:process_memory_win.cc(73)] ReadMemory at 0x8b02f78000 of 6024 bytes failed: Запрос ReadProcessMemory или WriteProcessMemory был выполнен только частично. (0x12B)
[1019/154446.677:ERROR:process_memory_win.cc(73)] ReadMemory at 0x8b02f7a000 of 6024 bytes failed: Запрос ReadProcessMemory или WriteProcessMemory был выполнен только частично. (0x12B)
[1019/154446.677:ERROR:process_memory_win.cc(73)] ReadMemory at 0x8b02f7c000 of 6024 bytes failed: Запрос ReadProcessMemory или WriteProcessMemory был выполнен только частично. (0x12B)
[1019/154446.677:ERROR:process_memory_win.cc(73)] ReadMemory at 0x8b02f7e000 of 6024 bytes failed: Запрос ReadProcessMemory или WriteProcessMemory был выполнен только частично. (0x12B)
[1019/154446.677:ERROR:process_memory_win.cc(73)] ReadMemory at 0x21a274d2a40 of 512 bytes failed: Запрос ReadProcessMemory или WriteProcessMemory был выполнен только частично. (0x12B)
[1019/154446.678:ERROR:process_memory_win.cc(73)] ReadMemory at 0x21a275002ac of 512 bytes failed: Запрос ReadProcessMemory или WriteProcessMemory был выполнен только частично. (0x12B)
[1019/154446.678:ERROR:process_memory_win.cc(73)] ReadMemory at 0x21a27500fe0 of 6112 bytes failed: Запрос ReadProcessMemory или WriteProcessMemory был выполнен только частично. (0x12B)
[1019/154446.678:ERROR:process_memory_win.cc(73)] ReadMemory at 0x21a275027d0 of 1012 bytes failed: Запрос ReadProcessMemory или WriteProcessMemory был выполнен только частично. (0x12B)
[1019/154446.678:ERROR:process_memory_win.cc(73)] ReadMemory at 0x21a27502e18 of 118 bytes failed: Запрос ReadProcessMemory или WriteProcessMemory был выполнен только частично. (0x12B)
[1019/154446.678:ERROR:process_memory_win.cc(73)] ReadMemory at 0x21a27502e90 of 714 bytes failed: Запрос ReadProcessMemory или WriteProcessMemory был выполнен только частично. (0x12B)
[1019/154446.678:ERROR:process_memory_win.cc(73)] ReadMemory at 0x21a2750315c of 118 bytes failed: Запрос ReadProcessMemory или WriteProcessMemory был выполнен только частично. (0x12B)
[1019/154446.678:ERROR:process_memory_win.cc(73)] ReadMemory at 0x21a275031d4 of 100 bytes failed: Запрос ReadProcessMemory или WriteProcessMemory был выполнен только частично. (0x12B)
[1019/154446.678:ERROR:process_memory_win.cc(73)] ReadMemory at 0x21a27503250 of 58 bytes failed: Запрос ReadProcessMemory или WriteProcessMemory был выполнен только частично. (0x12B)
[1019/154446.678:ERROR:process_memory_win.cc(73)] ReadMemory at 0x21a27503350 of 132 bytes failed: Запрос ReadProcessMemory или WriteProcessMemory был выполнен только частично. (0x12B)
[1019/154446.678:ERROR:process_memory_win.cc(73)] ReadMemory at 0x21a275034e0 of 132 bytes failed: Запрос ReadProcessMemory или WriteProcessMemory был выполнен только частично. (0x12B)
[1019/154446.679:ERROR:process_memory_win.cc(73)] ReadMemory at 0x21a275036a0 of 124 bytes failed: Запрос ReadProcessMemory или WriteProcessMemory был выполнен только частично. (0x12B)
[1019/154446.679:ERROR:process_memory_win.cc(73)] ReadMemory at 0x21a27503ba0 of 132 bytes failed: Запрос ReadProcessMemory или WriteProcessMemory был выполнен только частично. (0x12B)
[1019/154446.679:ERROR:process_memory_win.cc(73)] ReadMemory at 0x21a27503d30 of 64 bytes failed: Запрос ReadProcessMemory или WriteProcessMemory был выполнен только частично. (0x12B)
[1019/154446.679:ERROR:process_memory_win.cc(73)] ReadMemory at 0x21a27503ef0 of 132 bytes failed: Запрос ReadProcessMemory или WriteProcessMemory был выполнен только частично. (0x12B)
[1019/154446.679:ERROR:process_memory_win.cc(73)] ReadMemory at 0x21a27504190 of 132 bytes failed: Запрос ReadProcessMemory или WriteProcessMemory был выполнен только частично. (0x12B)
[1019/154446.679:ERROR:process_memory_win.cc(73)] ReadMemory at 0x21a27504320 of 68 bytes failed: Запрос ReadProcessMemory или WriteProcessMemory был выполнен только частично. (0x12B)
[1019/154446.679:ERROR:process_memory_win.cc(73)] ReadMemory at 0x21a275053e0 of 132 bytes failed: Запрос ReadProcessMemory или WriteProcessMemory был выполнен только частично. (0x12B)
[1019/154446.679:ERROR:process_memory_win.cc(73)] ReadMemory at 0x21a27505570 of 152 bytes failed: Запрос ReadProcessMemory или WriteProcessMemory был выполнен только частично. (0x12B)
[1019/154446.680:ERROR:process_memory_win.cc(73)] ReadMemory at 0x21a27507910 of 62 bytes failed: Запрос ReadProcessMemory или WriteProcessMemory был выполнен только частично. (0x12B)
[1019/154446.680:ERROR:process_memory_win.cc(73)] ReadMemory at 0x21a27507a70 of 132 bytes failed: Запрос ReadProcessMemory или WriteProcessMemory был выполнен только частично. (0x12B)
[1019/154446.680:ERROR:process_memory_win.cc(73)] ReadMemory at 0x21a27507c00 of 60 bytes failed: Запрос ReadProcessMemory или WriteProcessMemory был выполнен только частично. (0x12B)
[1019/154446.680:ERROR:process_memory_win.cc(73)] ReadMemory at 0x21a2750b7e0 of 76 bytes failed: Запрос ReadProcessMemory или WriteProcessMemory был выполнен только частично. (0x12B)
[1019/154446.680:ERROR:process_memory_win.cc(73)] ReadMemory at 0x21a2750b9c0 of 80 bytes failed: Запрос ReadProcessMemory или WriteProcessMemory был выполнен только частично. (0x12B)
[1019/154446.680:ERROR:process_memory_win.cc(73)] ReadMemory at 0x21a2750bb40 of 80 bytes failed: Запрос ReadProcessMemory или WriteProcessMemory был выполнен только частично. (0x12B)
[1019/154446.680:ERROR:process_memory_win.cc(73)] ReadMemory at 0x21a27514850 of 132 bytes failed: Запрос ReadProcessMemory или WriteProcessMemory был выполнен только частично. (0x12B)
[1019/154446.680:ERROR:process_memory_win.cc(73)] ReadMemory at 0x21a27514980 of 144 bytes failed: Запрос ReadProcessMemory или WriteProcessMemory был выполнен только частично. (0x12B)
[1019/154446.680:ERROR:process_memory_win.cc(73)] ReadMemory at 0x21a27514d00 of 132 bytes failed: Запрос ReadProcessMemory или WriteProcessMemory был выполнен только частично. (0x12B)
[1019/154446.680:ERROR:process_memory_win.cc(73)] ReadMemory at 0x21a27514fd0 of 132 bytes failed: Запрос ReadProcessMemory или WriteProcessMemory был выполнен только частично. (0x12B)
[1019/154446.680:ERROR:process_memory_win.cc(73)] ReadMemory at 0x21a275151e0 of 132 bytes failed: Запрос ReadProcessMemory или WriteProcessMemory был выполнен только частично. (0x12B)
[1019/154446.680:ERROR:process_memory_win.cc(73)] ReadMemory at 0x21a27515500 of 132 bytes failed: Запрос ReadProcessMemory или WriteProcessMemory был выполнен только частично. (0x12B)
[1019/154446.681:ERROR:process_memory_win.cc(73)] ReadMemory at 0x21a27515870 of 132 bytes failed: Запрос ReadProcessMemory или WriteProcessMemory был выполнен только частично. (0x12B)
[1019/154446.681:ERROR:process_memory_win.cc(73)] ReadMemory at 0x21a27517ab0 of 132 bytes failed: Запрос ReadProcessMemory или WriteProcessMemory был выполнен только частично. (0x12B)
[1019/154446.681:ERROR:process_memory_win.cc(73)] ReadMemory at 0x21a27517be0 of 132 bytes failed: Запрос ReadProcessMemory или WriteProcessMemory был выполнен только частично. (0x12B)
[1019/154446.681:ERROR:process_memory_win.cc(73)] ReadMemory at 0x21a27517d10 of 132 bytes failed: Запрос ReadProcessMemory или WriteProcessMemory был выполнен только частично. (0x12B)
[1019/154446.681:ERROR:process_memory_win.cc(73)] ReadMemory at 0x21a27517e40 of 132 bytes failed: Запрос ReadProcessMemory или WriteProcessMemory был выполнен только частично. (0x12B)
[1019/154446.681:ERROR:process_memory_win.cc(73)] ReadMemory at 0x21a27517f70 of 132 bytes failed: Запрос ReadProcessMemory или WriteProcessMemory был выполнен только частично. (0x12B)
[1019/154446.681:ERROR:process_memory_win.cc(73)] ReadMemory at 0x21a275180a0 of 132 bytes failed: Запрос ReadProcessMemory или WriteProcessMemory был выполнен только частично. (0x12B)
[1019/154446.681:ERROR:process_memory_win.cc(73)] ReadMemory at 0x21a275181d0 of 132 bytes failed: Запрос ReadProcessMemory или WriteProcessMemory был выполнен только частично. (0x12B)
[1019/154446.681:ERROR:process_memory_win.cc(73)] ReadMemory at 0x21a27518300 of 132 bytes failed: Запрос ReadProcessMemory или WriteProcessMemory был выполнен только частично. (0x12B)
[1019/154446.681:ERROR:process_memory_win.cc(73)] ReadMemory at 0x21a27518560 of 132 bytes failed: Запрос ReadProcessMemory или WriteProcessMemory был выполнен только частично. (0x12B)
[1019/154446.681:ERROR:process_memory_win.cc(73)] ReadMemory at 0x21a27518690 of 132 bytes failed: Запрос ReadProcessMemory или WriteProcessMemory был выполнен только частично. (0x12B)
[1019/154446.681:ERROR:process_memory_win.cc(73)] ReadMemory at 0x21a275187c0 of 132 bytes failed: Запрос ReadProcessMemory или WriteProcessMemory был выполнен только частично. (0x12B)
[1019/154446.681:ERROR:process_memory_win.cc(73)] ReadMemory at 0x21a275188f0 of 132 bytes failed: Запрос ReadProcessMemory или WriteProcessMemory был выполнен только частично. (0x12B)
[1019/154446.682:ERROR:process_memory_win.cc(73)] ReadMemory at 0x21a27519630 of 132 bytes failed: Запрос ReadProcessMemory или WriteProcessMemory был выполнен только частично. (0x12B)
[1019/154446.682:ERROR:process_memory_win.cc(73)] ReadMemory at 0x21a2751a510 of 132 bytes failed: Запрос ReadProcessMemory или WriteProcessMemory был выполнен только частично. (0x12B)
[1019/154446.682:ERROR:process_memory_win.cc(73)] ReadMemory at 0x21a2751a870 of 132 bytes failed: Запрос ReadProcessMemory или WriteProcessMemory был выполнен только частично. (0x12B)
[1019/154446.682:ERROR:process_memory_win.cc(73)] ReadMemory at 0x21a2751ae40 of 132 bytes failed: Запрос ReadProcessMemory или WriteProcessMemory был выполнен только частично. (0x12B)
[1019/154446.682:ERROR:process_memory_win.cc(73)] ReadMemory at 0x21a2751afe0 of 62 bytes failed: Запрос ReadProcessMemory или WriteProcessMemory был выполнен только частично. (0x12B)
[1019/154446.682:ERROR:process_memory_win.cc(73)] ReadMemory at 0x21a2751b030 of 62 bytes failed: Запрос ReadProcessMemory или WriteProcessMemory был выполнен только частично. (0x12B)
[1019/154446.682:ERROR:process_memory_win.cc(73)] ReadMemory at 0x21a2751b120 of 64 bytes failed: Запрос ReadProcessMemory или WriteProcessMemory был выполнен только частично. (0x12B)
[1019/154446.682:ERROR:process_memory_win.cc(73)] ReadMemory at 0x21a2751b1c0 of 60 bytes failed: Запрос ReadProcessMemory или WriteProcessMemory был выполнен только частично. (0x12B)
[1019/154446.682:ERROR:process_memory_win.cc(73)] ReadMemory at 0x21a2751b210 of 60 bytes failed: Запрос ReadProcessMemory или WriteProcessMemory был выполнен только частично. (0x12B)
[1019/154446.682:ERROR:process_memory_win.cc(73)] ReadMemory at 0x21a2751b2b0 of 62 bytes failed: Запрос ReadProcessMemory или WriteProcessMemory был выполнен только частично. (0x12B)
[1019/154446.682:ERROR:process_memory_win.cc(73)] ReadMemory at 0x21a2751b350 of 62 bytes failed: Запрос ReadProcessMemory или WriteProcessMemory был выполнен только частично. (0x12B)
[1019/154446.682:ERROR:process_memory_win.cc(73)] ReadMemory at 0x21a2751b3a0 of 64 bytes failed: Запрос ReadProcessMemory или WriteProcessMemory был выполнен только частично. (0x12B)
[1019/154446.683:ERROR:process_memory_win.cc(73)] ReadMemory at 0x21a2751b3f0 of 66 bytes failed: Запрос ReadProcessMemory или WriteProcessMemory был выполнен только частично. (0x12B)
[1019/154446.683:ERROR:process_memory_win.cc(73)] ReadMemory at 0x21a2751b490 of 64 bytes failed: Запрос ReadProcessMemory или WriteProcessMemory был выполнен только частично. (0x12B)
[1019/154446.683:ERROR:process_memory_win.cc(73)] ReadMemory at 0x21a2751b580 of 64 bytes failed: Запрос ReadProcessMemory или WriteProcessMemory был выполнен только частично. (0x12B)
[1019/154446.683:ERROR:process_memory_win.cc(73)] ReadMemory at 0x21a2751b5d0 of 62 bytes failed: Запрос ReadProcessMemory или WriteProcessMemory был выполнен только частично. (0x12B)
[1019/154446.683:ERROR:process_memory_win.cc(73)] ReadMemory at 0x21a2751b620 of 64 bytes failed: Запрос ReadProcessMemory или WriteProcessMemory был выполнен только частично. (0x12B)
[1019/154446.683:ERROR:process_memory_win.cc(73)] ReadMemory at 0x21a2751b710 of 64 bytes failed: Запрос ReadProcessMemory или WriteProcessMemory был выполнен только частично. (0x12B)
[1019/154446.683:ERROR:process_memory_win.cc(73)] ReadMemory at 0x21a2751b800 of 62 bytes failed: Запрос ReadProcessMemory или WriteProcessMemory был выполнен только частично. (0x12B)
[1019/154446.684:ERROR:process_memory_win.cc(73)] ReadMemory at 0x21a2751b8f0 of 62 bytes failed: Запрос ReadProcessMemory или WriteProcessMemory был выполнен только частично. (0x12B)
[1019/154446.684:ERROR:process_memory_win.cc(73)] ReadMemory at 0x21a2751b940 of 66 bytes failed: Запрос ReadProcessMemory или WriteProcessMemory был выполнен только частично. (0x12B)
[1019/154446.684:ERROR:process_memory_win.cc(73)] ReadMemory at 0x21a2751b990 of 64 bytes failed: Запрос ReadProcessMemory или WriteProcessMemory был выполнен только частично. (0x12B)
[1019/154446.684:ERROR:process_memory_win.cc(73)] ReadMemory at 0x21a2751b9e0 of 60 bytes failed: Запрос ReadProcessMemory или WriteProcessMemory был выполнен только частично. (0x12B)
[1019/154446.684:ERROR:process_memory_win.cc(73)] ReadMemory at 0x21a2751ba80 of 64 bytes failed: Запрос ReadProcessMemory или WriteProcessMemory был выполнен только частично. (0x12B)
[1019/154446.684:ERROR:process_memory_win.cc(73)] ReadMemory at 0x21a2751bad0 of 60 bytes failed: Запрос ReadProcessMemory или WriteProcessMemory был выполнен только частично. (0x12B)
[1019/154446.684:ERROR:process_memory_win.cc(73)] ReadMemory at 0x21a2751bb20 of 62 bytes failed: Запрос ReadProcessMemory или WriteProcessMemory был выполнен только частично. (0x12B)
[1019/154446.684:ERROR:process_memory_win.cc(73)] ReadMemory at 0x21a2751bc10 of 62 bytes failed: Запрос ReadProcessMemory или WriteProcessMemory был выполнен только частично. (0x12B)
[1019/154446.684:ERROR:process_memory_win.cc(73)] ReadMemory at 0x21a2751bc60 of 58 bytes failed: Запрос ReadProcessMemory или WriteProcessMemory был выполнен только частично. (0x12B)
[1019/154446.684:ERROR:process_memory_win.cc(73)] ReadMemory at 0x21a2751bd00 of 60 bytes failed: Запрос ReadProcessMemory или WriteProcessMemory был выполнен только частично. (0x12B)
[1019/154446.684:ERROR:process_memory_win.cc(73)] ReadMemory at 0x21a2751bd50 of 62 bytes failed: Запрос ReadProcessMemory или WriteProcessMemory был выполнен только частично. (0x12B)
[1019/154446.685:ERROR:process_memory_win.cc(73)] ReadMemory at 0x21a2751bda0 of 60 bytes failed: Запрос ReadProcessMemory или WriteProcessMemory был выполнен только частично. (0x12B)
[1019/154446.685:ERROR:process_memory_win.cc(73)] ReadMemory at 0x21a27520020 of 54 bytes failed: Запрос ReadProcessMemory или WriteProcessMemory был выполнен только частично. (0x12B)
[1019/154446.685:ERROR:process_memory_win.cc(73)] ReadMemory at 0x21a27521a20 of 132 bytes failed: Запрос ReadProcessMemory или WriteProcessMemory был выполнен только частично. (0x12B)
[1019/154446.685:ERROR:process_memory_win.cc(73)] ReadMemory at 0x21a27521ee0 of 132 bytes failed: Запрос ReadProcessMemory или WriteProcessMemory был выполнен только частично. (0x12B)
[1019/154446.685:ERROR:process_memory_win.cc(73)] ReadMemory at 0x21a27522010 of 132 bytes failed: Запрос ReadProcessMemory или WriteProcessMemory был выполнен только частично. (0x12B)
[1019/154446.685:ERROR:process_memory_win.cc(73)] ReadMemory at 0x21a27522140 of 132 bytes failed: Запрос ReadProcessMemory или WriteProcessMemory был выполнен только частично. (0x12B)
[1019/154446.685:ERROR:process_memory_win.cc(73)] ReadMemory at 0x21a27522730 of 132 bytes failed: Запрос ReadProcessMemory или WriteProcessMemory был выполнен только частично. (0x12B)
[1019/154446.685:ERROR:process_memory_win.cc(73)] ReadMemory at 0x21a27522860 of 132 bytes failed: Запрос ReadProcessMemory или WriteProcessMemory был выполнен только частично. (0x12B)
[1019/154446.685:ERROR:process_memory_win.cc(73)] ReadMemory at 0x21a27522bf0 of 132 bytes failed: Запрос ReadProcessMemory или WriteProcessMemory был выполнен только частично. (0x12B)
[1019/154446.685:ERROR:process_memory_win.cc(73)] ReadMemory at 0x21a27522d20 of 132 bytes failed: Запрос ReadProcessMemory или WriteProcessMemory был выполнен только частично. (0x12B)
[1019/154446.685:ERROR:process_memory_win.cc(73)] ReadMemory at 0x21a275230b0 of 132 bytes failed: Запрос ReadProcessMemory или WriteProcessMemory был выполнен только частично. (0x12B)
[1019/154446.685:ERROR:process_memory_win.cc(73)] ReadMemory at 0x21a275231e0 of 132 bytes failed: Запрос ReadProcessMemory или WriteProcessMemory был выполнен только частично. (0x12B)
[1019/154446.686:ERROR:process_memory_win.cc(73)] ReadMemory at 0x21a2756d3f0 of 512 bytes failed: Запрос ReadProcessMemory или WriteProcessMemory был выполнен только частично. (0x12B)
[1019/154446.686:ERROR:process_memory_win.cc(73)] ReadMemory at 0x21a2756e320 of 512 bytes failed: Запрос ReadProcessMemory или WriteProcessMemory был выполнен только частично. (0x12B)
[1019/154446.686:ERROR:process_memory_win.cc(73)] ReadMemory at 0x21a2756ed20 of 512 bytes failed: Запрос ReadProcessMemory или WriteProcessMemory был выполнен только частично. (0x12B)
[1019/154446.686:ERROR:process_memory_win.cc(73)] ReadMemory at 0x21a27586e40 of 512 bytes failed: Запрос ReadProcessMemory или WriteProcessMemory был выполнен только частично. (0x12B)
[1019/154446.686:ERROR:process_memory_win.cc(73)] ReadMemory at 0x21a2758dcd0 of 512 bytes failed: Запрос ReadProcessMemory или WriteProcessMemory был выполнен только частично. (0x12B)
[1019/154446.686:ERROR:process_memory_win.cc(73)] ReadMemory at 0x21a27594db0 of 688 bytes failed: Запрос ReadProcessMemory или WriteProcessMemory был выполнен только частично. (0x12B)
[1019/154446.686:ERROR:process_memory_win.cc(73)] ReadMemory at 0x21a275a16d8 of 512 bytes failed: Запрос ReadProcessMemory или WriteProcessMemory был выполнен только частично. (0x12B)
[1019/154446.686:ERROR:process_memory_win.cc(73)] ReadMemory at 0x21a275a1e28 of 512 bytes failed: Запрос ReadProcessMemory или WriteProcessMemory был выполнен только частично. (0x12B)
[1019/154446.686:ERROR:process_memory_win.cc(73)] ReadMemory at 0x21a275a6c20 of 512 bytes failed: Запрос ReadProcessMemory или WriteProcessMemory был выполнен только частично. (0x12B)
[1019/154446.686:ERROR:process_memory_win.cc(73)] ReadMemory at 0x21a275ae6b6 of 720 bytes failed: Запрос ReadProcessMemory или WriteProcessMemory был выполнен только частично. (0x12B)
[1019/154446.686:ERROR:process_memory_win.cc(73)] ReadMemory at 0x21a275d4290 of 512 bytes failed: Запрос ReadProcessMemory или WriteProcessMemory был выполнен только частично. (0x12B)
[1019/154446.687:ERROR:process_memory_win.cc(73)] ReadMemory at 0x21a28ed0000 of 384 bytes failed: Запрос ReadProcessMemory или WriteProcessMemory был выполнен только частично. (0x12B)
[1019/154446.687:ERROR:process_memory_win.cc(73)] ReadMemory at 0x21a28edcd50 of 512 bytes failed: Запрос ReadProcessMemory или WriteProcessMemory был выполнен только частично. (0x12B)
[1019/154446.687:ERROR:process_memory_win.cc(73)] ReadMemory at 0x21a28f8abf0 of 512 bytes failed: Запрос ReadProcessMemory или WriteProcessMemory был выполнен только частично. (0x12B)
[1019/154446.687:ERROR:process_memory_win.cc(73)] ReadMemory at 0x21a291cff80 of 512 bytes failed: Запрос ReadProcessMemory или WriteProcessMemory был выполнен только частично. (0x12B)
[1019/154446.687:ERROR:process_memory_win.cc(73)] ReadMemory at 0x21a29233b03 of 512 bytes failed: Запрос ReadProcessMemory или WriteProcessMemory был выполнен только частично. (0x12B)
[1019/154446.687:ERROR:process_memory_win.cc(73)] ReadMemory at 0x21a29a78930 of 512 bytes failed: Запрос ReadProcessMemory или WriteProcessMemory был выполнен только частично. (0x12B)
[1019/154446.687:ERROR:process_memory_win.cc(73)] ReadMemory at 0x201a8e0b03a8 of 512 bytes failed: Запрос ReadProcessMemory или WriteProcessMemory был выполнен только частично. (0x12B)
[1019/154446.687:ERROR:process_memory_win.cc(73)] ReadMemory at 0x7ff82c16d700 of 512 bytes failed: Запрос ReadProcessMemory или WriteProcessMemory был выполнен только частично. (0x12B)
[1019/154446.687:ERROR:process_memory_win.cc(73)] ReadMemory at 0x7ff82e981fd0 of 512 bytes failed: Запрос ReadProcessMemory или WriteProcessMemory был выполнен только частично. (0x12B)
[1019/154446.687:ERROR:process_memory_win.cc(73)] ReadMemory at 0x7ff82edbc0c4 of 672 bytes failed: Запрос ReadProcessMemory или WriteProcessMemory был выполнен только частично. (0x12B)
[1019/154446.688:ERROR:process_memory_win.cc(73)] ReadMemory at 0x7ff82edbc6c4 of 512 bytes failed: Запрос ReadProcessMemory или WriteProcessMemory был выполнен только частично. (0x12B)
[1019/154446.688:ERROR:process_memory_win.cc(73)] ReadMemory at 0x7ff82edbf974 of 608 bytes failed: Запрос ReadProcessMemory или WriteProcessMemory был выполнен только частично. (0x12B)
[1019/154446.688:ERROR:process_memory_win.cc(73)] ReadMemory at 0x7ff82ee4c428 of 18 bytes failed: Запрос ReadProcessMemory или WriteProcessMemory был выполнен только частично. (0x12B)
[1019/154446.688:ERROR:process_memory_win.cc(73)] ReadMemory at 0x7ff82ee7f4f8 of 40 bytes failed: Запрос ReadProcessMemory или WriteProcessMemory был выполнен только частично. (0x12B)
[1019/154446.688:ERROR:process_memory_win.cc(73)] ReadMemory at 0x7ff82ee7f978 of 48 bytes failed: Запрос ReadProcessMemory или WriteProcessMemory был выполнен только частично. (0x12B)
[1019/154446.688:ERROR:process_memory_win.cc(73)] ReadMemory at 0x7ff82ee853c0 of 64 bytes failed: Запрос ReadProcessMemory или WriteProcessMemory был выполнен только частично. (0x12B)
[1019/154446.688:ERROR:process_memory_win.cc(73)] ReadMemory at 0x7fffd5c62d83 of 512 bytes failed: Запрос ReadProcessMemory или WriteProcessMemory был выполнен только частично. (0x12B)
[1019/154446.688:ERROR:process_memory_win.cc(73)] ReadMemory at 0x7fffda79b558 of 512 bytes failed: Запрос ReadProcessMemory или WriteProcessMemory был выполнен только частично. (0x12B)
[1019/154446.691:ERROR:filesystem_win.cc(129)] GetFileAttributes C:\Users\Aspire\AppData\Local\Google\Chrome\User Data\Crashpad\attachments\4e23ccfb-2122-48bd-839d-4f573bd7a87a: Системе не удается найти указанный путь. (0x3)
[1019/154446.690:ERROR:scoped_process_suspend.cc(40)] NtResumeProcess: Попытка доступа к процессу, выполняющему процедуру завершения. (0xc000010a)
